ADAU145X Assembler, Analog Devices Inc.
Version: 4.6.0,1809  (built 12/23/2020)

##### Compile Started: Monday, September 6, 2021 5:15:04 PM #####
ADAU145X Assembler, Analog Devices Inc.
Version: 4.6.0,1809  (built 12/23/2020)

##### Compile Started: Monday, September 6, 2021 5:15:04 PM #####
##### Compile succeeded:  0 errors, 0 warnings #####

##### Summary #####
DM0 RAM used:       00100    (of 20480)
DM1 RAM used:       03498    (of 20480)
PM  RAM used(Data): 00000    (of 8192)
PM  RAM used(Inst): 00326    (of 8192) 276 instructions (32bit: 226  64bit: 50)
Total PM used:      00326    (of 8192)

--------------------------------------------------------------------------------------
STREAM                        Inst      Inst      DM0     DM1     PM
Instance                      (cycles)  (size)    
--------------------------------------------------------------------------------------
STACK                          -         -        16      0       0       
ADIsurround1                  104       117       35      3440    0
Crossover1                    52        76        34      38      0
FRAMEWORK                     54        35        8       7       0
MasterVolume                  25        28        3       8       0
Add1                          4         4         0       1       0
ADAU1452 IN3                  4         4         0       0       0
FrontLeft                     2         2         0       0       0
FrontRight                    2         2         0       0       0
Center                        2         2         0       0       0
LFE                           2         2         0       0       0
LeftTwt                       2         2         0       0       0
RightTwt                      2         2         0       0       0
RearLeft                      2         2         0       0       0
RearRight                     2         2         0       0       0
--------------------------------------------------------------------------------------
Total                         259       280       96      3494    0
--------------------------------------------------------------------------------------
(% Fs=48.0kHz)                5%        4%        1%      18%     0%

